MPASM 5.86                          MAIN.ASM   2-17-2026  9:45:33         PAGE  1


LOC  OBJECT CODE     LINE SOURCE TEXT
  VALUE

                      00001 #include "p16f84a.inc"
                      00001         LIST
                      00002 
                      00003 ;==========================================================================
                      00004 ; Build date : Oct 24 2019
                      00005 ;  MPASM PIC16F84A processor include
                      00006 ; 
                      00007 ;  (c) Copyright 1999-2019 Microchip Technology, All rights reserved
                      00008 ;==========================================================================
                      00009 
                      00209         LIST
                      00002 
                      00003 ; CONFIG
                      00004 ; __config 0xFFFB
2007   3FFB           00005  __CONFIG _FOSC_EXTRC & _WDTE_OFF & _PWRTE_OFF & _CP_OFF
                      00006     org     0x00
0000   2???           00007     goto    setup
                      00008     org     0x04
0004   0009           00009     retfie
0005                  00010 setup
                      00011     
                      00012     ;   Problem 1
0005   3049           00013     movlw   0x49
0006   3C37           00014     sublw   0x37
0007   00A0           00015     movwf   0x20
0008   0803           00016     movfw   0x03
0009   00A1           00017     movwf   0x21
                      00018     
                      00019     ;   Problem 2
000A   309D           00020     movlw   0x9d
000B   3C95           00021     sublw   0x95
000C   00A2           00022     movwf   0x22
000D   0803           00023     movfw   0x03
000E   00A3           00024     movwf   0x23
                      00025     
                      00026     ;   Problem 3
000F   30A2           00027     movlw   0xa2
0010   3CD8           00028     sublw   0xd8
0011   00A4           00029     movwf   0x24
0012   0803           00030     movfw   0x03
0013   00A5           00031     movwf   0x25
                      00032     
                      00033     ;   Problem 4
0014   30FE           00034     movlw   0xfe
0015   3E02           00035     addlw   0x02
0016   00A6           00036     movwf   0x26
0017   0803           00037     movfw   0x03
0018   00A7           00038     movwf   0x27
                      00039     
                      00040     ;   Problem 5
0019   30E7           00041     movlw   0xe7
001A   3EBA           00042     addlw   0xba
001B   00A8           00043     movwf   0x28
MPASM 5.86                          MAIN.ASM   2-17-2026  9:45:33         PAGE  2


LOC  OBJECT CODE     LINE SOURCE TEXT
  VALUE

001C   0803           00044     movfw   0x03
001D   00A9           00045     movwf   0x29
                      00046     
                      00047     ;   Problem 6
001E   30F0           00048     movlw   0xf0
001F   3900           00049     andlw   0x00
0020   00AA           00050     movwf   0x2a
0021   0803           00051     movfw   0x03
0022   00AB           00052     movwf   0x2b
                      00053     
                      00054     ;   Problem 7
0023   30F1           00055     movlw   0xf1
0024   38F1           00056     iorlw   0xf1
0025   00AC           00057     movwf   0x2c
0026   0803           00058     movfw   0x03
0027   00AD           00059     movwf   0x2d
                      00060     
                      00061     ;   Problem 8
0028   30EB           00062     movlw   0xeb
0029   3AEB           00063     xorlw   0xeb
002A   00AE           00064     movwf   0x2e
002B   0803           00065     movfw   0x03
002C   00AF           00066     movwf   0x2f
3FFB                  00067     end
MPASM 5.86                          MAIN.ASM   2-17-2026  9:45:33         PAGE  3


SYMBOL TABLE
  LABEL                             VALUE 

C                                 00000000
DC                                00000001
EEADR                             00000009
EECON1                            00000088
EECON2                            00000089
EEDATA                            00000008
EEIE                              00000006
EEIF                              00000004
F                                 00000001
FSR                               00000004
GIE                               00000007
INDF                              00000000
INTCON                            0000000B
INTE                              00000004
INTEDG                            00000006
INTF                              00000001
IRP                               00000007
NOT_PD                            00000003
NOT_RBPU                          00000007
NOT_TO                            00000004
OPTION_REG                        00000081
PCL                               00000002
PCLATH                            0000000A
PORTA                             00000005
PORTB                             00000006
PS0                               00000000
PS1                               00000001
PS2                               00000002
PSA                               00000003
RA0                               00000000
RA1                               00000001
RA2                               00000002
RA3                               00000003
RA4                               00000004
RB0                               00000000
RB1                               00000001
RB2                               00000002
RB3                               00000003
RB4                               00000004
RB5                               00000005
RB6                               00000006
RB7                               00000007
RBIE                              00000003
RBIF                              00000000
RD                                00000000
RP0                               00000005
RP1                               00000006
STATUS                            00000003
T0CS                              00000005
T0IE                              00000005
T0IF                              00000002
T0SE                              00000004
TMR0                              00000001
MPASM 5.86                          MAIN.ASM   2-17-2026  9:45:33         PAGE  4


SYMBOL TABLE
  LABEL                             VALUE 

TMR0IE                            00000005
TMR0IF                            00000002
TRISA                             00000085
TRISA0                            00000000
TRISA1                            00000001
TRISA2                            00000002
TRISA3                            00000003
TRISA4                            00000004
TRISB                             00000086
TRISB0                            00000000
TRISB1                            00000001
TRISB2                            00000002
TRISB3                            00000003
TRISB4                            00000004
TRISB5                            00000005
TRISB6                            00000006
TRISB7                            00000007
W                                 00000000
WR                                00000001
WREN                              00000002
WRERR                             00000003
Z                                 00000002
_CONFIG                           00002007
_CP_OFF                           00003FFF
_CP_ON                            0000000F
_DEVID1                           00002006
_FOSC_EXTRC                       00003FFF
_FOSC_HS                          00003FFE
_FOSC_LP                          00003FFC
_FOSC_XT                          00003FFD
_HS_OSC                           00003FFE
_IDLOC0                           00002000
_IDLOC1                           00002001
_IDLOC2                           00002002
_IDLOC3                           00002003
_LP_OSC                           00003FFC
_PWRTE_OFF                        00003FFF
_PWRTE_ON                         00003FF7
_RC_OSC                           00003FFF
_WDTE_OFF                         00003FFB
_WDTE_ON                          00003FFF
_WDT_OFF                          00003FFB
_WDT_ON                           00003FFF
_XT_OSC                           00003FFD
__16F84A                          00000001
__DEBUG                           
__MPLAB_DEBUGGER_SIMULATOR        1
setup                             00000005

Errors   :     0
Warnings :     0 reported,     0 suppressed
Messages :     0 reported,     0 suppressed

