MPASM 5.86                          MAIN.ASM   4-14-2026  10:22:12         PAGE  1


LOC  OBJECT CODE     LINE SOURCE TEXT
  VALUE

                      00001 #include "p16f84a.inc"
                      00001         LIST
                      00002 
                      00003 ;==========================================================================
                      00004 ; Build date : Oct 24 2019
                      00005 ;  MPASM PIC16F84A processor include
                      00006 ; 
                      00007 ;  (c) Copyright 1999-2019 Microchip Technology, All rights reserved
                      00008 ;==========================================================================
                      00009 
                      00209         LIST
                      00002 
                      00003 ; CONFIG
                      00004 ; __config 0xFFF9
Warning[205]: Found directive in column 1. (__CONFIG)
2007   3FF9           00005 __CONFIG _FOSC_XT & _WDTE_OFF & _PWRTE_OFF & _CP_OFF
                      00006     
Warning[205]: Found directive in column 1. (CBLOCK)
                      00007 CBLOCK  0X10
  00000010            00008     COUNT
  00000011            00009     COUNT1
  00000012            00010     COUNT2
  00000013            00011     COUNT3
Warning[205]: Found directive in column 1. (ENDC)
                      00012 ENDC
                      00013 
                      00014     ORG     0X00
0000   2???           00015     GOTO    SETUP
                      00016     ORG     0X04
0004   0009           00017     RETFIE
                      00018     
0005                  00019 SETUP
0005   2???           00020     CALL    SETPORT
0006   2???           00021     GOTO    MAIN
                      00022     
0007                  00023 SETPORT
0007   1683           00024     BSF     STATUS, RP0
Message[302]: Register in operand not in bank 0.  Ensure that bank bits are correct.
0008   1405           00025     BSF     TRISA, 0
Message[302]: Register in operand not in bank 0.  Ensure that bank bits are correct.
0009   0186           00026     CLRF    TRISB
000A   1283           00027     BCF     STATUS, RP0
000B   0008           00028     RETURN
                      00029     
000C                  00030 MAIN
000C   0806           00031     MOVF    PORTB, W
000D   0090           00032     MOVWF   COUNT
000E   1405           00033     BSF     PORTA, 0
000F   2???           00034     CALL    DELAY
0010   1005           00035     BCF     PORTA, 0
0011   2???           00036     CALL    DELAY           
0012   2???           00037     GOTO    MAIN
                      00038     
MPASM 5.86                          MAIN.ASM   4-14-2026  10:22:12         PAGE  2


LOC  OBJECT CODE     LINE SOURCE TEXT
  VALUE

0013                  00039 DELAY
0013   0810           00040     MOVF    COUNT, W
0014   0091           00041     MOVWF   COUNT1
0015                  00042 L1MS
0015   3005           00043     MOVLW   0x05
0016   0092           00044     MOVWF   COUNT2
0017                  00045 L2MS
0017   300B           00046     MOVLW   0X0B
0018   0093           00047     MOVWF   COUNT3
0019                  00048 L3MS
0019   0393           00049     DECF    COUNT3, 1
001A   1D03           00050     BTFSS   STATUS, Z
001B   2???           00051     GOTO    L3MS
                      00052     
001C   0392           00053     DECF    COUNT2, 1
001D   1D03           00054     BTFSS   STATUS, Z
001E   2???           00055     GOTO    L2MS
                      00056     
001F   0391           00057     DECF    COUNT1, 1
0020   1D03           00058     BTFSS   STATUS, Z
0021   2???           00059     GOTO    L1MS
                      00060     
0022   0390           00061     DECF    COUNT, 1
0023   1D03           00062     BTFSS   STATUS, Z
0024   2???           00063     GOTO    DELAY
0025   0008           00064     RETURN
                      00065     
3FF9                  00066     END
MPASM 5.86                          MAIN.ASM   4-14-2026  10:22:12         PAGE  3


SYMBOL TABLE
  LABEL                             VALUE 

C                                 00000000
COUNT                             00000010
COUNT1                            00000011
COUNT2                            00000012
COUNT3                            00000013
DC                                00000001
DELAY                             00000013
EEADR                             00000009
EECON1                            00000088
EECON2                            00000089
EEDATA                            00000008
EEIE                              00000006
EEIF                              00000004
F                                 00000001
FSR                               00000004
GIE                               00000007
INDF                              00000000
INTCON                            0000000B
INTE                              00000004
INTEDG                            00000006
INTF                              00000001
IRP                               00000007
L1MS                              00000015
L2MS                              00000017
L3MS                              00000019
MAIN                              0000000C
NOT_PD                            00000003
NOT_RBPU                          00000007
NOT_TO                            00000004
OPTION_REG                        00000081
PCL                               00000002
PCLATH                            0000000A
PORTA                             00000005
PORTB                             00000006
PS0                               00000000
PS1                               00000001
PS2                               00000002
PSA                               00000003
RA0                               00000000
RA1                               00000001
RA2                               00000002
RA3                               00000003
RA4                               00000004
RB0                               00000000
RB1                               00000001
RB2                               00000002
RB3                               00000003
RB4                               00000004
RB5                               00000005
RB6                               00000006
RB7                               00000007
RBIE                              00000003
RBIF                              00000000
MPASM 5.86                          MAIN.ASM   4-14-2026  10:22:12         PAGE  4


SYMBOL TABLE
  LABEL                             VALUE 

RD                                00000000
RP0                               00000005
RP1                               00000006
SETPORT                           00000007
SETUP                             00000005
STATUS                            00000003
T0CS                              00000005
T0IE                              00000005
T0IF                              00000002
T0SE                              00000004
TMR0                              00000001
TMR0IE                            00000005
TMR0IF                            00000002
TRISA                             00000085
TRISA0                            00000000
TRISA1                            00000001
TRISA2                            00000002
TRISA3                            00000003
TRISA4                            00000004
TRISB                             00000086
TRISB0                            00000000
TRISB1                            00000001
TRISB2                            00000002
TRISB3                            00000003
TRISB4                            00000004
TRISB5                            00000005
TRISB6                            00000006
TRISB7                            00000007
W                                 00000000
WR                                00000001
WREN                              00000002
WRERR                             00000003
Z                                 00000002
_CONFIG                           00002007
_CP_OFF                           00003FFF
_CP_ON                            0000000F
_DEVID1                           00002006
_FOSC_EXTRC                       00003FFF
_FOSC_HS                          00003FFE
_FOSC_LP                          00003FFC
_FOSC_XT                          00003FFD
_HS_OSC                           00003FFE
_IDLOC0                           00002000
_IDLOC1                           00002001
_IDLOC2                           00002002
_IDLOC3                           00002003
_LP_OSC                           00003FFC
_PWRTE_OFF                        00003FFF
_PWRTE_ON                         00003FF7
_RC_OSC                           00003FFF
_WDTE_OFF                         00003FFB
_WDTE_ON                          00003FFF
_WDT_OFF                          00003FFB
MPASM 5.86                          MAIN.ASM   4-14-2026  10:22:12         PAGE  5


SYMBOL TABLE
  LABEL                             VALUE 

_WDT_ON                           00003FFF
_XT_OSC                           00003FFD
__16F84A                          00000001

Errors   :     0
Warnings :     3 reported,     0 suppressed
Messages :     2 reported,     0 suppressed

