MPASM 5.86                          MAIN.ASM   4-1-2026  10:50:24         PAGE  1


LOC  OBJECT CODE     LINE SOURCE TEXT
  VALUE

                      00001 #include "p16f84a.inc"
                      00001         LIST
                      00002 
                      00003 ;==========================================================================
                      00004 ; Build date : Oct 24 2019
                      00005 ;  MPASM PIC16F84A processor include
                      00006 ; 
                      00007 ;  (c) Copyright 1999-2019 Microchip Technology, All rights reserved
                      00008 ;==========================================================================
                      00009 
Message[301]: MESSAGE: (Processor-header file mismatch.  Verify selected processor.)
                      00209         LIST
2007   3FF9           00002  __CONFIG _FOSC_XT & _WDTE_OFF & _PWRTE_OFF & _CP_OFF
                      00003 
  00000020            00004 COUNT1      EQU     0X20
  00000021            00005 COUNT2      EQU     0X21 
  00000022            00006 COUNT3      EQU     0X22
  00000023            00007 SEC_COUNT   EQU     0X23
                      00008     ORG     0X00
0000   2???           00009     GOTO    SETUP
                      00010     ORG     0X04
0004   0009           00011     RETFIE
                      00012     
0005                  00013 SETUP
0005   2???           00014     CALL    SETPORT
0006   2???           00015     GOTO    MAIN
                      00016     
                      00017 ; Sets all port pins to output
0007                  00018 SETPORT
0007   1683           00019     BSF     STATUS, RP0 ; goes to bank 1
Message[302]: Register in operand not in bank 0.  Ensure that bank bits are correct.
0008   0185           00020     CLRF    TRISA       ; sets all of Port A to output
Message[302]: Register in operand not in bank 0.  Ensure that bank bits are correct.
0009   0186           00021     CLRF    TRISB       ; sets all of Port B to output
000A   1283           00022     BCF     STATUS, RP0 ; goes to bank 0
000B   0008           00023     RETURN
                      00024     
                      00025 ; Main Loop    
000C                  00026 MAIN
                      00027     
000C   1406           00028     BSF     PORTB, 0
000D   3005           00029     MOVLW   0x05
000E   2???           00030     CALL    DELAY_TIME_S
000F   1006           00031     BCF     PORTB, 0
0010   3002           00032     MOVLW   0x02
0011   2???           00033     CALL    DELAY_TIME_S
0012   2???           00034     GOTO    MAIN
                      00035     
                      00036 ; One Millisecond Delay
0013                  00037 DELAY_1MS
0013   3014           00038     MOVLW   0X14        ; 
0014   00A0           00039     MOVWF   COUNT1
0015                  00040 L1MS
MPASM 5.86                          MAIN.ASM   4-1-2026  10:50:24         PAGE  2


LOC  OBJECT CODE     LINE SOURCE TEXT
  VALUE

0015   3005           00041     MOVLW   0X05
0016   00A1           00042     MOVWF   COUNT2
0017                  00043 L2MS
0017   3001           00044     MOVLW   0X01
0018   00A2           00045     MOVWF   COUNT3
0019                  00046 L3MS
0019   03A2           00047     DECF    COUNT3, 1
001A   1D03           00048     BTFSS   STATUS, Z
001B   2???           00049     GOTO    L3MS
                      00050     
001C   03A1           00051     DECF    COUNT2, 1
001D   1D03           00052     BTFSS   STATUS, Z
001E   2???           00053     GOTO    L2MS
                      00054     
001F   03A0           00055     DECF    COUNT1, 1
0020   1D03           00056     BTFSS   STATUS, Z
0021   2???           00057     GOTO    L1MS
                      00058     
0022   0008           00059     RETURN
                      00060 
                      00061 ; One Second Delay
0023                  00062 DELAY_1S
0023   307F           00063     MOVLW   0X7F
0024   00A0           00064     MOVWF   COUNT1
0025                  00065 L1S
0025   303D           00066     MOVLW   0X3D
0026   00A1           00067     MOVWF   COUNT2
0027                  00068 L2S
0027   301F           00069     MOVLW   0X1F
0028   00A2           00070     MOVWF   COUNT3
0029                  00071 L3S
0029   03A2           00072     DECF    COUNT3, 1
002A   1D03           00073     BTFSS   STATUS, Z
002B   2???           00074     GOTO    L3S
                      00075     
002C   03A1           00076     DECF    COUNT2, 1
002D   1D03           00077     BTFSS   STATUS, Z
002E   2???           00078     GOTO    L2S
                      00079     
002F   03A0           00080     DECF    COUNT1, 1
0030   1D03           00081     BTFSS   STATUS, Z
0031   2???           00082     GOTO    L1S
                      00083     
0032   0008           00084     RETURN
                      00085     
0033                  00086 DELAY_TIME_S
0033   00A3           00087     MOVWF   SEC_COUNT
0034   2???           00088     CALL    DELAY_1S
Message[305]: Using default destination of 1 (file).
0035   03A3           00089     DECF    SEC_COUNT
0036   1D03           00090     BTFSS   STATUS, Z
0037   2???           00091     GOTO    DELAY_TIME_S
0038   0008           00092     RETURN
MPASM 5.86                          MAIN.ASM   4-1-2026  10:50:24         PAGE  3


LOC  OBJECT CODE     LINE SOURCE TEXT
  VALUE

3FF9                  00093     END
MPASM 5.86                          MAIN.ASM   4-1-2026  10:50:24         PAGE  4


SYMBOL TABLE
  LABEL                             VALUE 

C                                 00000000
COUNT1                            00000020
COUNT2                            00000021
COUNT3                            00000022
DC                                00000001
DELAY_1MS                         00000013
DELAY_1S                          00000023
DELAY_TIME_S                      00000033
EEADR                             00000009
EECON1                            00000088
EECON2                            00000089
EEDATA                            00000008
EEIE                              00000006
EEIF                              00000004
F                                 00000001
FSR                               00000004
GIE                               00000007
INDF                              00000000
INTCON                            0000000B
INTE                              00000004
INTEDG                            00000006
INTF                              00000001
IRP                               00000007
L1MS                              00000015
L1S                               00000025
L2MS                              00000017
L2S                               00000027
L3MS                              00000019
L3S                               00000029
MAIN                              0000000C
NOT_PD                            00000003
NOT_RBPU                          00000007
NOT_TO                            00000004
OPTION_REG                        00000081
PCL                               00000002
PCLATH                            0000000A
PORTA                             00000005
PORTB                             00000006
PS0                               00000000
PS1                               00000001
PS2                               00000002
PSA                               00000003
RA0                               00000000
RA1                               00000001
RA2                               00000002
RA3                               00000003
RA4                               00000004
RB0                               00000000
RB1                               00000001
RB2                               00000002
RB3                               00000003
RB4                               00000004
RB5                               00000005
MPASM 5.86                          MAIN.ASM   4-1-2026  10:50:24         PAGE  5


SYMBOL TABLE
  LABEL                             VALUE 

RB6                               00000006
RB7                               00000007
RBIE                              00000003
RBIF                              00000000
RD                                00000000
RP0                               00000005
RP1                               00000006
SEC_COUNT                         00000023
SETPORT                           00000007
SETUP                             00000005
STATUS                            00000003
T0CS                              00000005
T0IE                              00000005
T0IF                              00000002
T0SE                              00000004
TMR0                              00000001
TMR0IE                            00000005
TMR0IF                            00000002
TRISA                             00000085
TRISA0                            00000000
TRISA1                            00000001
TRISA2                            00000002
TRISA3                            00000003
TRISA4                            00000004
TRISB                             00000086
TRISB0                            00000000
TRISB1                            00000001
TRISB2                            00000002
TRISB3                            00000003
TRISB4                            00000004
TRISB5                            00000005
TRISB6                            00000006
TRISB7                            00000007
W                                 00000000
WR                                00000001
WREN                              00000002
WRERR                             00000003
Z                                 00000002
_CONFIG                           00002007
_CP_OFF                           00003FFF
_CP_ON                            0000000F
_DEVID1                           00002006
_FOSC_EXTRC                       00003FFF
_FOSC_HS                          00003FFE
_FOSC_LP                          00003FFC
_FOSC_XT                          00003FFD
_HS_OSC                           00003FFE
_IDLOC0                           00002000
_IDLOC1                           00002001
_IDLOC2                           00002002
_IDLOC3                           00002003
_LP_OSC                           00003FFC
_PWRTE_OFF                        00003FFF
MPASM 5.86                          MAIN.ASM   4-1-2026  10:50:24         PAGE  6


SYMBOL TABLE
  LABEL                             VALUE 

_PWRTE_ON                         00003FF7
_RC_OSC                           00003FFF
_WDTE_OFF                         00003FFB
_WDTE_ON                          00003FFF
_WDT_OFF                          00003FFB
_WDT_ON                           00003FFF
_XT_OSC                           00003FFD
__16F84                           00000001
__DEBUG                           
__MPLAB_DEBUGGER_SIMULATOR        1

Errors   :     0
Warnings :     0 reported,     0 suppressed
Messages :     4 reported,     0 suppressed

